This is pdfTeX, Version 3.14159265-2.6-1.40.16 (MiKTeX 2.9) (preloaded format=pdflatex 2015.12.8)  3 MAR 2016 10:49
entering extended mode
**PageInclude.tex
(PageInclude.tex
LaTeX2e <2015/01/01> patch level 2
Babel <3.9m> and hyphenation patterns for 69 languages loaded.
\@input{Forside/Forside.aux}
No file Forside/Forside.tex.
\@input{sections/preface.aux}
No file sections/preface.tex.
! Undefined control sequence.
l.6 \tableofcontents
                    
The control sequence at the end of the top line
of your error message was never \def'ed. If you have
misspelled it (e.g., `\hobx'), type `I' and the correct
spelling (e.g., `I\hbox'). Otherwise just continue,
and I'll forget about whatever was undefined.


! LaTeX Error: File `Sections/Indledning.tex' not found.

Type X to quit or <RETURN> to proceed,
or enter new name. (Default extension: tex)

Enter file name: 
! Emergency stop.
<read *> 
         
l.11 \input{Sections/Indledning}
                                
*** (cannot \read from terminal in nonstop modes)

 
Here is how much of TeX's memory you used:
 12 strings out of 493673
 157 string characters out of 3141530
 52455 words of memory out of 3000000
 3454 multiletter control sequences out of 15000+200000
 3640 words of font info for 14 fonts, out of 3000000 for 9000
 1025 hyphenation exceptions out of 8191
 9i,0n,5p,57b,12s stack positions out of 5000i,500n,10000p,200000b,50000s
!  ==> Fatal error occurred, no output PDF file produced!
