Running: C:\Xilinx\14.7\ISE_DS\ISE\bin\nt64\unwrapped\fuse.exe -intstyle ise -incremental -o C:/Users/black_000/Dropbox/Programmering/VHDL/Project Robinson/PT_driver/SPI_isim_beh.exe -prj C:/Users/black_000/Dropbox/Programmering/VHDL/Project Robinson/PT_driver/SPI_beh.prj work.SPI 
ISim P.20131013 (signature 0x7708f090)
Number of CPUs detected in this system: 4
Turning on mult-threading, number of parallel sub-compilation jobs: 8 
Determining compilation order of HDL files
Parsing VHDL file "C:/Users/black_000/Dropbox/Programmering/VHDL/Project Robinson/PT_driver/SPI_slave.vhd" into library work
Parsing VHDL file "C:/Users/black_000/Dropbox/Programmering/VHDL/Project Robinson/PT_driver/SPI.vhd" into library work
Starting static elaboration
Completed static elaboration
Compiling package standard
Compiling package std_logic_1164
Compiling package std_logic_arith
Compiling package std_logic_unsigned
Compiling architecture behavioral of entity SPI_slave [\SPI_slave(11,3)\]
Compiling architecture behavior of entity spi
Time Resolution for simulation is 1ps.
Waiting for 1 sub-compilation(s) to finish...
Compiled 7 VHDL Units
Built simulation executable C:/Users/black_000/Dropbox/Programmering/VHDL/Project Robinson/PT_driver/SPI_isim_beh.exe
Fuse Memory Usage: 33408 KB
Fuse CPU Usage: 577 ms
